d:\coding\frakw\ntust_computer_graphics\電腦圖學導論\實習\reversi\reversi\x64\release\vc142.pdb
d:\coding\frakw\ntust_computer_graphics\電腦圖學導論\實習\reversi\reversi\x64\release\glad.obj
d:\coding\frakw\ntust_computer_graphics\電腦圖學導論\實習\reversi\reversi\x64\release\texture.obj
d:\coding\frakw\ntust_computer_graphics\電腦圖學導論\實習\reversi\reversi\x64\release\reversi.obj
d:\coding\frakw\ntust_computer_graphics\電腦圖學導論\實習\reversi\reversi\x64\release\main.obj
d:\coding\frakw\ntust_computer_graphics\電腦圖學導論\實習\reversi\reversi\x64\release\imgui_impl_opengl3.obj
d:\coding\frakw\ntust_computer_graphics\電腦圖學導論\實習\reversi\reversi\x64\release\imgui_impl_glfw.obj
d:\coding\frakw\ntust_computer_graphics\電腦圖學導論\實習\reversi\reversi\x64\release\imgui_draw.obj
d:\coding\frakw\ntust_computer_graphics\電腦圖學導論\實習\reversi\reversi\x64\release\imgui_demo.obj
d:\coding\frakw\ntust_computer_graphics\電腦圖學導論\實習\reversi\reversi\x64\release\imgui.obj
d:\coding\frakw\ntust_computer_graphics\電腦圖學導論\實習\reversi\reversi\x64\release\imgui_widgets.obj
d:\coding\frakw\ntust_computer_graphics\電腦圖學導論\實習\reversi\x64\release\reversi.exe
d:\coding\frakw\ntust_computer_graphics\電腦圖學導論\實習\reversi\reversi\x64\release\reversi.ipdb
d:\coding\frakw\ntust_computer_graphics\電腦圖學導論\實習\reversi\reversi\x64\release\reversi.iobj
d:\coding\frakw\ntust_computer_graphics\電腦圖學導論\實習\reversi\x64\release\reversi.pdb
d:\coding\frakw\ntust_computer_graphics\電腦圖學導論\實習\reversi\reversi\x64\release\reversi.res
d:\coding\frakw\ntust_computer_graphics\電腦圖學導論\實習\reversi\reversi\x64\release\reversi.tlog\cl.command.1.tlog
d:\coding\frakw\ntust_computer_graphics\電腦圖學導論\實習\reversi\reversi\x64\release\reversi.tlog\cl.read.1.tlog
d:\coding\frakw\ntust_computer_graphics\電腦圖學導論\實習\reversi\reversi\x64\release\reversi.tlog\cl.write.1.tlog
d:\coding\frakw\ntust_computer_graphics\電腦圖學導論\實習\reversi\reversi\x64\release\reversi.tlog\link.command.1.tlog
d:\coding\frakw\ntust_computer_graphics\電腦圖學導論\實習\reversi\reversi\x64\release\reversi.tlog\link.read.1.tlog
d:\coding\frakw\ntust_computer_graphics\電腦圖學導論\實習\reversi\reversi\x64\release\reversi.tlog\link.write.1.tlog
d:\coding\frakw\ntust_computer_graphics\電腦圖學導論\實習\reversi\reversi\x64\release\reversi.tlog\rc.command.1.tlog
d:\coding\frakw\ntust_computer_graphics\電腦圖學導論\實習\reversi\reversi\x64\release\reversi.tlog\rc.read.1.tlog
d:\coding\frakw\ntust_computer_graphics\電腦圖學導論\實習\reversi\reversi\x64\release\reversi.tlog\rc.write.1.tlog
